<?xml version="1.0" encoding="UTF-8"?>
<testsuite name="SimpleBankSystemTest" tests="1" skipped="0" failures="0" errors="0" timestamp="2021-02-22T18:34:44" hostname="george-X705UDR" time="0.783">
  <properties/>
  <testcase name="start" classname="SimpleBankSystemTest" time="0.783"/>
  <system-out><![CDATA[?[1;31m
Start test 1?[0m
1. Create an account
2. Log into account
0. Exit
> 0

Bye!
?[1;31m
Start test 2?[0m
1. Create an account
2. Log into account
0. Exit
> 0

Bye!
?[1;31m
Start test 3?[0m
1. Create an account
2. Log into account
0. Exit
> 0

Bye!
?[1;31m
Start test 4?[0m
1. Create an account
2. Log into account
0. Exit
> 0

Bye!
?[1;31m
Start test 5?[0m
1. Create an account
2. Log into account
0. Exit
> 1
Your card has been created
Your card number:
4000005475330859
Your card PIN:
3883

1. Create an account
2. Log into account
0. Exit
> 1
Your card has been created
Your card number:
4000008863537499
Your card PIN:
6348

1. Create an account
2. Log into account
0. Exit
> 1
Your card has been created
Your card number:
4000008470885786
Your card PIN:
5438

1. Create an account
2. Log into account
0. Exit
> 1
Your card has been created
Your card number:
4000001688962612
Your card PIN:
4894

1. Create an account
2. Log into account
0. Exit
> 1
Your card has been created
Your card number:
4000005281983966
Your card PIN:
7687

1. Create an account
2. Log into account
0. Exit
> 0

Bye!
4000005475330859
4000008863537499
4000008470885786
4000001688962612
4000005281983966
?[1;31m
Start test 6?[0m
1. Create an account
2. Log into account
0. Exit
> 1
Your card has been created
Your card number:
4000004103211318
Your card PIN:
3270

1. Create an account
2. Log into account
0. Exit
> 2
Enter your card number:
> 4000004103211318
Enter your PIN:
> 3270

You have successfully logged in!

1. Balance
2. Add income
3. Do transfer
4. Close account
5. Log out
0. Exit

> 0

Bye!
?[1;31m
Start test 7?[0m
1. Create an account
2. Log into account
0. Exit
> 1
Your card has been created
Your card number:
4000009219763599
Your card PIN:
6855

1. Create an account
2. Log into account
0. Exit
> 2
Enter your card number:
> 4000009219763599
Enter your PIN:
> 7966

Wrong card number or PIN!

1. Create an account
2. Log into account
0. Exit
> 0

Bye!
?[1;31m
Start test 8?[0m
1. Create an account
2. Log into account
0. Exit
> 1
Your card has been created
Your card number:
4000004093065310
Your card PIN:
8043

1. Create an account
2. Log into account
0. Exit
> 2
Enter your card number:
> 400000762540715
Enter your PIN:
> 8043

Wrong card number or PIN!

1. Create an account
2. Log into account
0. Exit
> 0

Bye!
?[1;31m
Start test 9?[0m
1. Create an account
2. Log into account
0. Exit
> 1
Your card has been created
Your card number:
4000006790542541
Your card PIN:
6772

1. Create an account
2. Log into account
0. Exit
> 2
Enter your card number:
> 4000006790542541
Enter your PIN:
> 6772

You have successfully logged in!

1. Balance
2. Add income
3. Do transfer
4. Close account
5. Log out
0. Exit

> 1

Balance: 0

1. Balance
2. Add income
3. Do transfer
4. Close account
5. Log out
0. Exit

> 0

Bye!
?[1;31m
Start test 10?[0m
1. Create an account
2. Log into account
0. Exit
> 1
Your card has been created
Your card number:
4000008888107278
Your card PIN:
5877

1. Create an account
2. Log into account
0. Exit
> 2
Enter your card number:
> 4000008888107278
Enter your PIN:
> 5877

You have successfully logged in!

1. Balance
2. Add income
3. Do transfer
4. Close account
5. Log out
0. Exit

> 2
Enter income:

> 10000
Income was added!

1. Balance
2. Add income
3. Do transfer
4. Close account
5. Log out
0. Exit

> 0

Bye!
1. Create an account
2. Log into account
0. Exit
> 2
Enter your card number:
> 4000008888107278
Enter your PIN:
> 5877

You have successfully logged in!

1. Balance
2. Add income
3. Do transfer
4. Close account
5. Log out
0. Exit

> 2
Enter income:

> 15000
Income was added!

1. Balance
2. Add income
3. Do transfer
4. Close account
5. Log out
0. Exit

> 0

Bye!
?[1;31m
Start test 11?[0m
1. Create an account
2. Log into account
0. Exit
> 1
Your card has been created
Your card number:
4000008128035206
Your card PIN:
6660

1. Create an account
2. Log into account
0. Exit
> 1
Your card has been created
Your card number:
4000003760326575
Your card PIN:
3044

1. Create an account
2. Log into account
0. Exit
> 2
Enter your card number:
> 4000003760326575
Enter your PIN:
> 3044

You have successfully logged in!

1. Balance
2. Add income
3. Do transfer
4. Close account
5. Log out
0. Exit

> 3
Transfer
Enter card number:

> 2000007269641764
Probably you made a mistake in the card number. Please try again!

1. Balance
2. Add income
3. Do transfer
4. Close account
5. Log out
0. Exit

> 3
Transfer
Enter card number:

> 2000007269641768
Such a card does not exist.

1. Balance
2. Add income
3. Do transfer
4. Close account
5. Log out
0. Exit

> 3
Transfer
Enter card number:

> 4000008128035206
Enter how much money you want to transfer:

> 100000
Not enough money!

1. Balance
2. Add income
3. Do transfer
4. Close account
5. Log out
0. Exit

> 2
Enter income:

> 20000
Income was added!

1. Balance
2. Add income
3. Do transfer
4. Close account
5. Log out
0. Exit

> 3
Transfer
Enter card number:

> 4000008128035206
Enter how much money you want to transfer:

> 10000
Success!

1. Balance
2. Add income
3. Do transfer
4. Close account
5. Log out
0. Exit

> 0

Bye!
?[1;31m
Start test 12?[0m
1. Create an account
2. Log into account
0. Exit
> 1
Your card has been created
Your card number:
4000002096302292
Your card PIN:
1808

1. Create an account
2. Log into account
0. Exit
> 2
Enter your card number:
> 4000002096302292
Enter your PIN:
> 1808

You have successfully logged in!

1. Balance
2. Add income
3. Do transfer
4. Close account
5. Log out
0. Exit

> 4
The account has been closed!

1. Create an account
2. Log into account
0. Exit
> 0

Bye!
]]></system-out>
  <system-err><![CDATA[]]></system-err>
</testsuite>
